This is pdfTeX, Version 3.1415926-1.40.10 (TeX Live 2009/Debian) (format=latex 2010.10.11)  12 NOV 2010 06:44
entering extended mode
 restricted \write18 enabled.
 %&-line parsing enabled.
**Essay.tex
(./Essay.tex
LaTeX2e <2009/09/24>
Babel <v3.8l> and hyphenation patterns for english, usenglishmax, dumylang, noh
yphenation, loaded.
(/usr/share/texmf-texlive/tex/latex/base/article.cls
Document Class: article 2007/10/19 v1.4h Standard LaTeX document class
(/usr/share/texmf-texlive/tex/latex/base/size10.clo
File: size10.clo 2007/10/19 v1.4h Standard LaTeX file (size option)
)
\c@part=\count79
\c@section=\count80
\c@subsection=\count81
\c@subsubsection=\count82
\c@paragraph=\count83
\c@subparagraph=\count84
\c@figure=\count85
\c@table=\count86
\abovecaptionskip=\skip41
\belowcaptionskip=\skip42
\bibindent=\dimen102
)
(/usr/share/texmf-texlive/tex/latex/base/inputenc.sty
Package: inputenc 2008/03/30 v1.1d Input encoding file
\inpenc@prehook=\toks14
\inpenc@posthook=\toks15

(/usr/share/texmf-texlive/tex/latex/base/latin1.def
File: latin1.def 2008/03/30 v1.1d Input encoding file
))
(/usr/share/texmf-texlive/tex/latex/amsmath/amsmath.sty
Package: amsmath 2000/07/18 v2.13 AMS math features
\@mathmargin=\skip43

For additional information on amsmath, use the `?' option.
(/usr/share/texmf-texlive/tex/latex/amsmath/amstext.sty
Package: amstext 2000/06/29 v2.01

(/usr/share/texmf-texlive/tex/latex/amsmath/amsgen.sty
File: amsgen.sty 1999/11/30 v2.0
\@emptytoks=\toks16
\ex@=\dimen103
))
(/usr/share/texmf-texlive/tex/latex/amsmath/amsbsy.sty
Package: amsbsy 1999/11/29 v1.2d
\pmbraise@=\dimen104
)
(/usr/share/texmf-texlive/tex/latex/amsmath/amsopn.sty
Package: amsopn 1999/12/14 v2.01 operator names
)
\inf@bad=\count87
LaTeX Info: Redefining \frac on input line 211.
\uproot@=\count88
\leftroot@=\count89
LaTeX Info: Redefining \overline on input line 307.
\classnum@=\count90
\DOTSCASE@=\count91
LaTeX Info: Redefining \ldots on input line 379.
LaTeX Info: Redefining \dots on input line 382.
LaTeX Info: Redefining \cdots on input line 467.
\Mathstrutbox@=\box26
\strutbox@=\box27
\big@size=\dimen105
LaTeX Font Info:    Redeclaring font encoding OML on input line 567.
LaTeX Font Info:    Redeclaring font encoding OMS on input line 568.
\macc@depth=\count92
\c@MaxMatrixCols=\count93
\dotsspace@=\muskip10
\c@parentequation=\count94
\dspbrk@lvl=\count95
\tag@help=\toks17
\row@=\count96
\column@=\count97
\maxfields@=\count98
\andhelp@=\toks18
\eqnshift@=\dimen106
\alignsep@=\dimen107
\tagshift@=\dimen108
\tagwidth@=\dimen109
\totwidth@=\dimen110
\lineht@=\dimen111
\@envbody=\toks19
\multlinegap=\skip44
\multlinetaggap=\skip45
\mathdisplay@stack=\toks20
LaTeX Info: Redefining \[ on input line 2666.
LaTeX Info: Redefining \] on input line 2667.
)
(/usr/share/texmf-texlive/tex/latex/amsfonts/amsfonts.sty
Package: amsfonts 2009/06/22 v3.00 Basic AMSFonts support
\symAMSa=\mathgroup4
\symAMSb=\mathgroup5
LaTeX Font Info:    Overwriting math alphabet `\mathfrak' in version `bold'
(Font)                  U/euf/m/n --> U/euf/b/n on input line 96.
)
(/usr/share/texmf-texlive/tex/latex/amsfonts/amssymb.sty
Package: amssymb 2009/06/22 v3.00
)
(/usr/share/texmf-texlive/tex/latex/graphics/graphicx.sty
Package: graphicx 1999/02/16 v1.0f Enhanced LaTeX Graphics (DPC,SPQR)

(/usr/share/texmf-texlive/tex/latex/graphics/keyval.sty
Package: keyval 1999/03/16 v1.13 key=value parser (DPC)
\KV@toks@=\toks21
)
(/usr/share/texmf-texlive/tex/latex/graphics/graphics.sty
Package: graphics 2009/02/05 v1.0o Standard LaTeX Graphics (DPC,SPQR)

(/usr/share/texmf-texlive/tex/latex/graphics/trig.sty
Package: trig 1999/03/16 v1.09 sin cos tan (DPC)
)
(/etc/texmf/tex/latex/config/graphics.cfg
File: graphics.cfg 2009/08/28 v1.8 graphics configuration of TeX Live
)
Package graphics Info: Driver file: dvips.def on input line 91.

(/usr/share/texmf-texlive/tex/latex/graphics/dvips.def
File: dvips.def 1999/02/16 v3.0i Driver-dependant file (DPC,SPQR)
))
\Gin@req@height=\dimen112
\Gin@req@width=\dimen113
)
(/usr/share/texmf-texlive/tex/latex/tools/verbatim.sty
Package: verbatim 2003/08/22 v1.5q LaTeX2e package for verbatim enhancements
\every@verbatim=\toks22
\verbatim@line=\toks23
\verbatim@in@stream=\read1
)
(/usr/share/texmf-texlive/tex/latex/ltxmisc/ulem.sty
\UL@box=\box28
\UL@hyphenbox=\box29
\UL@skip=\skip46
\UL@hook=\toks24
\UL@pe=\count99
\UL@pixel=\dimen114
\ULC@box=\box30
Package: ulem 2000/05/26
\ULdepth=\dimen115
)
(/usr/share/texmf-texlive/tex/latex/wrapfig/wrapfig.sty
\wrapoverhang=\dimen116
\WF@size=\dimen117
\c@WF@wrappedlines=\count100
\WF@box=\box31
\WF@everypar=\toks25
Package: wrapfig 2003/01/31  v 3.6
)
(/usr/share/texmf-texlive/tex/latex/cite/cite.sty
LaTeX Info: Redefining \cite on input line 285.
LaTeX Info: Redefining \nocite on input line 356.
Package: cite 2009/08/29  v 5.2
)
(/usr/share/texmf-texlive/tex/latex/caption/caption.sty
Package: caption 2009/10/09 v3.1k Customizing captions (AR)

(/usr/share/texmf-texlive/tex/latex/caption/caption3.sty
Package: caption3 2009/10/09 v3.1k caption3 kernel (AR)
\captionmargin=\dimen118
\captionmargin@=\dimen119
\captionwidth=\dimen120
\caption@indent=\dimen121
\caption@parindent=\dimen122
\caption@hangindent=\dimen123
)
\c@ContinuedFloat=\count101
Package caption Info: wrapfig package is loaded.
)
(/usr/share/texmf-texlive/tex/latex/geometry/geometry.sty
Package: geometry 2008/12/21 v4.2 Page Geometry

(/usr/share/texmf-texlive/tex/generic/oberdiek/ifpdf.sty
Package: ifpdf 2009/04/10 v2.0 Provides the ifpdf switch (HO)
Package ifpdf Info: pdfTeX in pdf mode not detected.
)
(/usr/share/texmf-texlive/tex/generic/oberdiek/ifvtex.sty
Package: ifvtex 2008/11/04 v1.4 Switches for detecting VTeX and its modes (HO)
Package ifvtex Info: VTeX not detected.
)
\Gm@cnth=\count102
\Gm@cntv=\count103
\c@Gm@tempcnt=\count104
\Gm@bindingoffset=\dimen124
\Gm@wd@mp=\dimen125
\Gm@odd@mp=\dimen126
\Gm@even@mp=\dimen127
\Gm@dimlist=\toks26
) (./Essay.aux

LaTeX Warning: Label `table:nonlin' multiply defined.

)
\openout1 = `Essay.aux'.

LaTeX Font Info:    Checking defaults for OML/cmm/m/it on input line 16.
LaTeX Font Info:    ... okay on input line 16.
LaTeX Font Info:    Checking defaults for T1/cmr/m/n on input line 16.
LaTeX Font Info:    ... okay on input line 16.
LaTeX Font Info:    Checking defaults for OT1/cmr/m/n on input line 16.
LaTeX Font Info:    ... okay on input line 16.
LaTeX Font Info:    Checking defaults for OMS/cmsy/m/n on input line 16.
LaTeX Font Info:    ... okay on input line 16.
LaTeX Font Info:    Checking defaults for OMX/cmex/m/n on input line 16.
LaTeX Font Info:    ... okay on input line 16.
LaTeX Font Info:    Checking defaults for U/cmr/m/n on input line 16.
LaTeX Font Info:    ... okay on input line 16.
Package caption Info: Begin \AtBeginDocument code.
Package caption Info: End \AtBeginDocument code.

*geometry auto-detecting driver*
*geometry detected driver: dvips*
-------------------- Geometry parameters
paper: a4paper
landscape: --
twocolumn: --
twoside: --
asymmetric: --
h-parts: 42.67912pt, 497.92325pt, 56.9055pt
v-parts: 56.9055pt, 731.23584pt, 56.9055pt
hmarginratio: --
vmarginratio: --
lines: --
heightrounded: --
bindingoffset: 0.0pt
truedimen: --
includehead: --
includefoot: --
includemp: --
driver: dvips
-------------------- Page layout dimensions and switches
\paperwidth  597.50787pt
\paperheight 845.04684pt
\textwidth  497.92325pt
\textheight 731.23584pt
\oddsidemargin  -29.59087pt
\evensidemargin -29.59087pt
\topmargin  -15.36449pt
\headheight 0.0pt
\headsep    0.0pt
\footskip   30.0pt
\marginparwidth 57.0pt
\marginparsep   11.0pt
\columnsep  10.0pt
\skip\footins  9.0pt plus 4.0pt minus 2.0pt
\hoffset 0.0pt
\voffset 0.0pt
\mag 1000

(1in=72.27pt, 1cm=28.45pt)
-----------------------
LaTeX Font Info:    Try loading font information for U+msa on input line 20.
(/usr/share/texmf-texlive/tex/latex/amsfonts/umsa.fd
File: umsa.fd 2009/06/22 v3.00 AMS symbols A
)
LaTeX Font Info:    Try loading font information for U+msb on input line 20.

(/usr/share/texmf-texlive/tex/latex/amsfonts/umsb.fd
File: umsb.fd 2009/06/22 v3.00 AMS symbols B
)
File: diagram.eps Graphic file (type eps)
 <diagram.eps> [1

]
Underfull \hbox (badness 10000) in paragraph at lines 102--104

 []

LaTeX Font Info:    Try loading font information for OMS+cmr on input line 115.

(/usr/share/texmf-texlive/tex/latex/base/omscmr.fd
File: omscmr.fd 1999/05/25 v2.5h Standard LaTeX font definitions
)
LaTeX Font Info:    Font shape `OMS/cmr/m/n' in size <10> not available
(Font)              Font shape `OMS/cmsy/m/n' tried instead on input line 115.
 [2]
File: ./Euler_0.07_10000_0.2.txt.eps Graphic file (type eps)

<./Euler_0.07_10000_0.2.txt.eps>
File: ./Euler_0.05_10000_0.2.txt.eps Graphic file (type eps)
 <./Euler_0.05_10000_0.2.txt.eps>
File: ./Leapfrog_0.1_1000_0.2.eps Graphic file (type eps)

<./Leapfrog_0.1_1000_0.2.eps>
File: ./Leapfrog_0.01_20000_0.2.eps Graphic file (type eps)
 <./Leapfrog_0.01_20000_0.2.eps>
File: ./Leapfrog_0.001_400000_0.2.eps Graphic file (type eps)

<./Leapfrog_0.001_400000_0.2.eps>
File: ./Leapfrog_0.0001_6000000_0.2.eps Graphic file (type eps)
 <./Leapfrog_0.0001_6000000_0.2.eps>
File: ./Leapfrog_0.5_100000_0.txtSmall.eps Graphic file (type eps)

<./Leapfrog_0.5_100000_0.txtSmall.eps>
File: ./Leapfrog_0.5_100000_0.txt.eps Graphic file (type eps)
 <./Leapfrog_0.5_100000_0.txt.eps>

LaTeX Warning: `!h' float specifier changed to `!ht'.


LaTeX Warning: `!h' float specifier changed to `!ht'.

[3] [4]
File: RungeKutta4_0.1_4000_0.2to40.eps Graphic file (type eps)
 <RungeKutta4_0.1_4000_0.2to40.eps>
File: RungeKutta4_0.1_4000_0.2to60.eps Graphic file (type eps)
 <RungeKutta4_0.1_4000_0.2to60.eps>
File: RungeKutta4_0.5_10000000_0VeryShort.txt.eps Graphic file (type eps)

<RungeKutta4_0.5_10000000_0VeryShort.txt.eps>

LaTeX Warning: `!h' float specifier changed to `!ht'.


LaTeX Warning: `!h' float specifier changed to `!ht'.

[5]
File: EnergyTest0.1.eps Graphic file (type eps)
 <EnergyTest0.1.eps>
File: EnergyTest0.01.eps Graphic file (type eps)
 <EnergyTest0.01.eps> [6]
File: approxSingle.eps Graphic file (type eps)
 <approxSingle.eps> [7]
File: 0.001_0_0.01_theta_phi.eps Graphic file (type eps)

<0.001_0_0.01_theta_phi.eps>
File: 0.001_0_1_theta_phi.eps Graphic file (type eps)
 <0.001_0_1_theta_phi.eps>
File: 0.001_0_100_theta_phi.eps Graphic file (type eps)

<0.001_0_100_theta_phi.eps>
File: 0.001_1_0.01_theta_phi.eps Graphic file (type eps)
 <0.001_1_0.01_theta_phi.eps>
File: 0.001_1_1_theta_phi.eps Graphic file (type eps)

<0.001_1_1_theta_phi.eps>
File: 0.001_1_100_theta_phi.eps Graphic file (type eps)
 <0.001_1_100_theta_phi.eps>
File: frac1.eps Graphic file (type eps)
 <frac1.eps>
File: frac2.eps Graphic file (type eps)
 <frac2.eps>
File: frac3.eps Graphic file (type eps)

<frac3.eps>
File: frac4.eps Graphic file (type eps)
 <frac4.eps>
File: phaseUndamped.eps Graphic file (type eps)
 <phaseUndamped.eps>
File: phasePortraitPhiTest.eps Graphic file (type eps)
 <phasePortraitPhiTest.eps>

LaTeX Warning: `!h' float specifier changed to `!ht'.


LaTeX Warning: `!h' float specifier changed to `!ht'.

[8] [9]
Underfull \hbox (badness 10000) in paragraph at lines 357--361

 []


Underfull \hbox (badness 10000) in paragraph at lines 365--372

 []


Underfull \hbox (badness 10000) in paragraph at lines 365--372

 []


Underfull \hbox (badness 10000) in paragraph at lines 365--372

 []

[10

] (./Essay.aux)

LaTeX Warning: There were multiply-defined labels.

 ) 
Here is how much of TeX's memory you used:
 3173 strings out of 495062
 44975 string characters out of 1182643
 112366 words of memory out of 3000000
 6291 multiletter control sequences out of 15000+50000
 14987 words of font info for 58 fonts, out of 3000000 for 9000
 28 hyphenation exceptions out of 8191
 36i,8n,38p,1285b,390s stack positions out of 5000i,500n,10000p,200000b,50000s

Output written on Essay.dvi (10 pages, 40428 bytes).
